Using pre-set license
Built from '2020.3/staging' branch; Version is '2020.3.18f1 (a7d1c678663c) revision 10998214'; Using compiler version '192528614'; Build Type 'Release'
OS: 'Windows 10 Home Single Language; OS build 22471.1000; Version 2009; 64bit' Language: 'en' Physical Memory: 8034 MB
BatchMode: 1, IsHumanControllingUs: 0, StartBugReporterOnCrash: 0, Is64bit: 1, IsPro: 0

COMMAND LINE ARGUMENTS:
C:\Program Files\Unity\Hub\Editor\2020.3.18f1\Editor\Unity.exe
-adb2
-batchMode
-noUpm
-name
AssetImportWorker0
-projectPath
C:/Users/user/Downloads/KU1Project1/KU1Project1
-logFile
Logs/AssetImportWorker0.log
-srvPort
61104
Successfully changed project path to: C:/Users/user/Downloads/KU1Project1/KU1Project1
C:/Users/user/Downloads/KU1Project1/KU1Project1
Using Asset Import Pipeline V2.
Refreshing native plugins compatible for Editor in 72.53 ms, found 5 plugins.
Preloading 0 native plugins for Editor in 0.00 ms.
Initialize engine version: 2020.3.18f1 (a7d1c678663c)
[Subsystems] Discovering subsystems at path C:/Program Files/Unity/Hub/Editor/2020.3.18f1/Editor/Data/Resources/UnitySubsystems
[Subsystems] Discovering subsystems at path C:/Users/user/Downloads/KU1Project1/KU1Project1/Assets
GfxDevice: creating device client; threaded=0
Direct3D:
    Version:  Direct3D 11.0 [level 11.1]
    Renderer: NVIDIA GeForce GTX 1650 (ID=0x1f91)
    Vendor:   
    VRAM:     3962 MB
    Driver:   27.21.14.5671
Initialize mono
Mono path[0] = 'C:/Program Files/Unity/Hub/Editor/2020.3.18f1/Editor/Data/Managed'
Mono path[1] = 'C:/Program Files/Unity/Hub/Editor/2020.3.18f1/Editor/Data/MonoBleedingEdge/lib/mono/unityjit'
Mono config path = 'C:/Program Files/Unity/Hub/Editor/2020.3.18f1/Editor/Data/MonoBleedingEdge/etc'
Using monoOptions --debugger-agent=transport=dt_socket,embedding=1,server=y,suspend=n,address=127.0.0.1:56332
Begin MonoManager ReloadAssembly
Registering precompiled unity dll's ...
Register platform support module: C:/Program Files/Unity/Hub/Editor/2020.3.18f1/Editor/Data/PlaybackEngines/WindowsStandaloneSupport/UnityEditor.WindowsStandalone.Extensions.dll
Registered in 0.001338 seconds.
Native extension for WindowsStandalone target not found
Refreshing native plugins compatible for Editor in 65.27 ms, found 5 plugins.
Preloading 0 native plugins for Editor in 0.00 ms.
Mono: successfully reloaded assembly
- Completed reload, in  1.066 seconds
Domain Reload Profiling:
	ReloadAssembly (1066ms)
		BeginReloadAssembly (52ms)
			ExecutionOrderSort (0ms)
			DisableScriptedObjects (0ms)
			BackupInstance (0ms)
			ReleaseScriptingObjects (0ms)
			CreateAndSetChildDomain (1ms)
		EndReloadAssembly (480ms)
			LoadAssemblies (50ms)
			RebuildTransferFunctionScriptingTraits (0ms)
			SetupTypeCache (169ms)
			ReleaseScriptCaches (0ms)
			RebuildScriptCaches (35ms)
			SetupLoadedEditorAssemblies (195ms)
				LogAssemblyErrors (0ms)
				InitializePlatformSupportModulesInManaged (4ms)
				SetLoadedEditorAssemblies (0ms)
				RefreshPlugins (65ms)
				BeforeProcessingInitializeOnLoad (15ms)
				ProcessInitializeOnLoadAttributes (79ms)
				ProcessInitializeOnLoadMethodAttributes (31ms)
				AfterProcessingInitializeOnLoad (0ms)
				EditorAssembliesLoaded (0ms)
			ExecutionOrderSort2 (0ms)
			AwakeInstancesAfterBackupRestoration (0ms)
Platform modules already initialized, skipping
Registering precompiled user dll's ...
Registered in 0.003164 seconds.
Begin MonoManager ReloadAssembly
Native extension for WindowsStandalone target not found
Refreshing native plugins compatible for Editor in 0.80 ms, found 5 plugins.
Preloading 0 native plugins for Editor in 0.00 ms.
Mono: successfully reloaded assembly
- Completed reload, in  1.078 seconds
Domain Reload Profiling:
	ReloadAssembly (1079ms)
		BeginReloadAssembly (153ms)
			ExecutionOrderSort (0ms)
			DisableScriptedObjects (4ms)
			BackupInstance (0ms)
			ReleaseScriptingObjects (0ms)
			CreateAndSetChildDomain (20ms)
		EndReloadAssembly (864ms)
			LoadAssemblies (84ms)
			RebuildTransferFunctionScriptingTraits (0ms)
			SetupTypeCache (297ms)
			ReleaseScriptCaches (1ms)
			RebuildScriptCaches (48ms)
			SetupLoadedEditorAssemblies (332ms)
				LogAssemblyErrors (0ms)
				InitializePlatformSupportModulesInManaged (4ms)
				SetLoadedEditorAssemblies (0ms)
				RefreshPlugins (1ms)
				BeforeProcessingInitializeOnLoad (93ms)
				ProcessInitializeOnLoadAttributes (224ms)
				ProcessInitializeOnLoadMethodAttributes (5ms)
				AfterProcessingInitializeOnLoad (4ms)
				EditorAssembliesLoaded (0ms)
			ExecutionOrderSort2 (0ms)
			AwakeInstancesAfterBackupRestoration (8ms)
Platform modules already initialized, skipping
========================================================================
Worker process is ready to serve import requests
Launched and connected shader compiler UnityShaderCompiler.exe after 0.07 seconds
Refreshing native plugins compatible for Editor in 0.60 ms, found 5 plugins.
Preloading 0 native plugins for Editor in 0.00 ms.
Unloading 2048 Unused Serialized files (Serialized files now loaded: 0)
System memory in use before: 101.9 MB.
System memory in use after: 101.9 MB.

Unloading 23 unused Assets to reduce memory usage. Loaded Objects now: 2491.
Total: 2.973900 ms (FindLiveObjects: 0.209900 ms CreateObjectMapping: 0.084500 ms MarkObjects: 2.553400 ms  DeleteObjects: 0.124900 ms)

AssetImportParameters requested are different than current active one (requested -> active):
  custom:framework-win-MediaFoundation: 216162199b28c13a410421893ffa2e32 -> 
  custom:video-decoder-ogg-theora: a1e56fd34408186e4bbccfd4996cb3dc -> 
  custom:container-muxer-webm: aa71ff27fc2769a1b78a27578f13a17b -> 
  custom:container-demuxer-webm: 4f35f7cbe854078d1ac9338744f61a02 -> 
  custom:container-demuxer-ogg: 62fdf1f143b41e24485cea50d1cbac27 -> 
  custom:video-encoder-webm-vp8: eb34c28f22e8b96e1ab97ce403110664 -> 
  custom:video-decoder-webm-vp8: 9c59270c3fd7afecdb556c50c9e8de78 -> 
  custom:audio-decoder-ogg-vorbis: bf7c407c2cedff20999df2af8eb42d56 -> 
  custom:audio-encoder-webm-vorbis: bf7c407c2cedff20999df2af8eb42d56 -> 
========================================================================
Received Import Request.
  path: Assets/Material/old-sheet-metal-unity/old-sheet-metal-unity/old-sheet-metal-ao.png
  artifactKey: Guid(ef1585c08c57102478e260626cae0d0b) Importer(815301076,1909f56bfc062723c751e8b465ee728b)
Start importing Assets/Material/old-sheet-metal-unity/old-sheet-metal-unity/old-sheet-metal-ao.png using Guid(ef1585c08c57102478e260626cae0d0b) Importer(815301076,1909f56bfc062723c751e8b465ee728b)  -> (artifact id: '0ce148c17443f4fbd8a5221ea4336c08') in 0.076064 seconds 
  Import took 0.079750 seconds .

========================================================================
Received Import Request.
  Time since last request: 0.000216 seconds.
  path: Assets/Material/woodframe1-Unity/woodframe1-normal2.png
  artifactKey: Guid(3f7b0a374ba961440a1357c1300038a8) Importer(815301076,1909f56bfc062723c751e8b465ee728b)
Start importing Assets/Material/woodframe1-Unity/woodframe1-normal2.png using Guid(3f7b0a374ba961440a1357c1300038a8) Importer(815301076,1909f56bfc062723c751e8b465ee728b)  -> (artifact id: '54282f237913fd8fe7033934b03a2774') in 0.015720 seconds 
  Import took 0.020494 seconds .

========================================================================
Received Import Request.
  Time since last request: 0.000422 seconds.
  path: Assets/Material/woodframe1-Unity/woodframe1b-albedo.png
  artifactKey: Guid(5b093dc2c7a5e9f4794a73b34306078f) Importer(815301076,1909f56bfc062723c751e8b465ee728b)
Start importing Assets/Material/woodframe1-Unity/woodframe1b-albedo.png using Guid(5b093dc2c7a5e9f4794a73b34306078f) Importer(815301076,1909f56bfc062723c751e8b465ee728b)  -> (artifact id: '9e4e18a983133d6a8b5e5108a9b08dfe') in 0.012208 seconds 
  Import took 0.019415 seconds .

========================================================================
Received Import Request.
  Time since last request: 0.000553 seconds.
  path: Assets/Material/old-sheet-metal-unity/old-sheet-metal-unity/old-sheet-metal-preview.jpg
  artifactKey: Guid(5462ddc0282aae34781009bb753008c5) Importer(815301076,1909f56bfc062723c751e8b465ee728b)
Start importing Assets/Material/old-sheet-metal-unity/old-sheet-metal-unity/old-sheet-metal-preview.jpg using Guid(5462ddc0282aae34781009bb753008c5) Importer(815301076,1909f56bfc062723c751e8b465ee728b)  -> (artifact id: 'aa6809e32d55715b8942d295b9929986') in 0.012462 seconds 
  Import took 0.021628 seconds .

========================================================================
Received Import Request.
  Time since last request: 0.000381 seconds.
  path: Assets/Material/old-sheet-metal-unity/old-sheet-metal-unity/old-sheet-metal-Metallic.psd
  artifactKey: Guid(882ea4f7d887f874ab24b4663af77917) Importer(815301076,1909f56bfc062723c751e8b465ee728b)
Start importing Assets/Material/old-sheet-metal-unity/old-sheet-metal-unity/old-sheet-metal-Metallic.psd using Guid(882ea4f7d887f874ab24b4663af77917) Importer(815301076,1909f56bfc062723c751e8b465ee728b)  -> (artifact id: '035bba8215b5a543e24569446057c40f') in 0.047666 seconds 
  Import took 0.053491 seconds .

========================================================================
Received Import Request.
  Time since last request: 0.000378 seconds.
  path: Assets/Material/woodframe1-Unity/woodframe1-metalness.psd
  artifactKey: Guid(bd59c6185eec623488b9870ba3d24f39) Importer(815301076,1909f56bfc062723c751e8b465ee728b)
Start importing Assets/Material/woodframe1-Unity/woodframe1-metalness.psd using Guid(bd59c6185eec623488b9870ba3d24f39) Importer(815301076,1909f56bfc062723c751e8b465ee728b)  -> (artifact id: '70b008922c386496c6f6f6267fb66ceb') in 0.017028 seconds 
  Import took 0.022298 seconds .

========================================================================
Received Import Request.
  Time since last request: 0.000321 seconds.
  path: Assets/Material/old-sheet-metal-unity/old-sheet-metal-unity/old-sheet-metal-Height.png
  artifactKey: Guid(57f35abc78365c54ab2d148c57a781ae) Importer(815301076,1909f56bfc062723c751e8b465ee728b)
Start importing Assets/Material/old-sheet-metal-unity/old-sheet-metal-unity/old-sheet-metal-Height.png using Guid(57f35abc78365c54ab2d148c57a781ae) Importer(815301076,1909f56bfc062723c751e8b465ee728b)  -> (artifact id: 'adcbc48ae2c416730d0b31b92a0b8725') in 0.014075 seconds 
  Import took 0.023979 seconds .

========================================================================
Received Import Request.
  Time since last request: 0.000583 seconds.
  path: Assets/Material/old-sheet-metal-unity/old-sheet-metal-unity/old-sheet-metal-albedo.png
  artifactKey: Guid(c8e7db5dd37313f4b9f05708db693dc1) Importer(815301076,1909f56bfc062723c751e8b465ee728b)
Start importing Assets/Material/old-sheet-metal-unity/old-sheet-metal-unity/old-sheet-metal-albedo.png using Guid(c8e7db5dd37313f4b9f05708db693dc1) Importer(815301076,1909f56bfc062723c751e8b465ee728b)  -> (artifact id: '30526615e0bf5f0da204012a8dd4e717') in 0.014447 seconds 
  Import took 0.020478 seconds .

========================================================================
Received Import Request.
  Time since last request: 0.000296 seconds.
  path: Assets/Material/old-sheet-metal-unity/old-sheet-metal-unity/old-sheet-metal-Normal-ogl.png
  artifactKey: Guid(f0328a1d51a9273489be21064d709630) Importer(815301076,1909f56bfc062723c751e8b465ee728b)
Start importing Assets/Material/old-sheet-metal-unity/old-sheet-metal-unity/old-sheet-metal-Normal-ogl.png using Guid(f0328a1d51a9273489be21064d709630) Importer(815301076,1909f56bfc062723c751e8b465ee728b)  -> (artifact id: '04de71192ea550a6ae36a2a7179f1e6d') in 0.045963 seconds 
  Import took 0.052314 seconds .

========================================================================
Received Import Request.
  Time since last request: 0.000261 seconds.
  path: Assets/Material/woodframe1-Unity/woodframe1-height.png
  artifactKey: Guid(9612c35209cd9d745a9ce480892e9d94) Importer(815301076,1909f56bfc062723c751e8b465ee728b)
Start importing Assets/Material/woodframe1-Unity/woodframe1-height.png using Guid(9612c35209cd9d745a9ce480892e9d94) Importer(815301076,1909f56bfc062723c751e8b465ee728b)  -> (artifact id: '9e66820f758b69fa595399e76c1aba90') in 0.011827 seconds 
  Import took 0.017712 seconds .

========================================================================
Received Import Request.
  Time since last request: 0.000898 seconds.
  path: Assets/Material/woodframe1-Unity/woodframe1-ao1.png
  artifactKey: Guid(a9542b939ede1ef488961ba7a2524b43) Importer(815301076,1909f56bfc062723c751e8b465ee728b)
Start importing Assets/Material/woodframe1-Unity/woodframe1-ao1.png using Guid(a9542b939ede1ef488961ba7a2524b43) Importer(815301076,1909f56bfc062723c751e8b465ee728b)  -> (artifact id: '5c6d47267bc7594d8724d1729db60faf') in 0.017056 seconds 
  Import took 0.026638 seconds .

========================================================================
Received Import Request.
  Time since last request: 418.524438 seconds.
  path: Assets/Scenes/Playground1.unity
  artifactKey: Guid(1814ce51e536fa04086ed33dcac9e0a2) Importer(815301076,1909f56bfc062723c751e8b465ee728b)
Start importing Assets/Scenes/Playground1.unity using Guid(1814ce51e536fa04086ed33dcac9e0a2) Importer(815301076,1909f56bfc062723c751e8b465ee728b)  -> (artifact id: 'ee97f99e29d0f050cad81fb229d49427') in 0.020262 seconds 
  Import took 0.082287 seconds .

========================================================================
Received Import Request.
  Time since last request: 6.526464 seconds.
  path: Assets/Scenes/level3.unity
  artifactKey: Guid(e1f1caef3af4ddc459270f939e041a04) Importer(815301076,1909f56bfc062723c751e8b465ee728b)
Start importing Assets/Scenes/level3.unity using Guid(e1f1caef3af4ddc459270f939e041a04) Importer(815301076,1909f56bfc062723c751e8b465ee728b)  -> (artifact id: 'fb6f60d6183794d764f56bff1e4556c1') in 0.001927 seconds 
  Import took 0.005514 seconds .

========================================================================
Received Import Request.
  Time since last request: 29.778792 seconds.
  path: Assets/Scenes/Home.unity
  artifactKey: Guid(d9543aa139db4b549829d8e694ed0edd) Importer(815301076,1909f56bfc062723c751e8b465ee728b)
Start importing Assets/Scenes/Home.unity using Guid(d9543aa139db4b549829d8e694ed0edd) Importer(815301076,1909f56bfc062723c751e8b465ee728b)  -> (artifact id: 'b13fc4e1c50e87d4d6a70dfea85e5c15') in 0.003049 seconds 
  Import took 0.008776 seconds .

